2024-02-12 16:01:56,063:WARNING:
'cuml' is a soft dependency and not included in the pycaret installation. Please run: `pip install cuml` to install.
2024-02-12 16:01:56,063:WARNING:
'cuml' is a soft dependency and not included in the pycaret installation. Please run: `pip install cuml` to install.
2024-02-12 16:01:56,063:WARNING:
'cuml' is a soft dependency and not included in the pycaret installation. Please run: `pip install cuml` to install.
2024-02-12 16:01:56,063:WARNING:
'cuml' is a soft dependency and not included in the pycaret installation. Please run: `pip install cuml` to install.
2024-02-12 16:24:50,184:INFO:PyCaret ClassificationExperiment
2024-02-12 16:24:50,185:INFO:Logging name: clf-default-name
2024-02-12 16:24:50,185:INFO:ML Usecase: MLUsecase.CLASSIFICATION
2024-02-12 16:24:50,185:INFO:version 3.2.0
2024-02-12 16:24:50,185:INFO:Initializing setup()
2024-02-12 16:24:50,185:INFO:self.USI: 79dc
2024-02-12 16:24:50,185:INFO:self._variable_keys: {'memory', 'n_jobs_param', 'USI', 'data', '_ml_usecase', 'idx', 'gpu_n_jobs_param', 'exp_id', 'fold_groups_param', 'is_multiclass', 'log_plots_param', 'y', 'pipeline', 'seed', 'X', 'y_train', 'fix_imbalance', '_available_plots', 'fold_generator', 'X_test', 'y_test', 'html_param', 'X_train', 'fold_shuffle_param', 'logging_param', 'target_param', 'exp_name_log', 'gpu_param'}
2024-02-12 16:24:50,186:INFO:Checking environment
2024-02-12 16:24:50,186:INFO:python_version: 3.11.4
2024-02-12 16:24:50,187:INFO:python_build: ('main', 'Jul  5 2023 13:38:37')
2024-02-12 16:24:50,187:INFO:machine: AMD64
2024-02-12 16:24:50,187:INFO:platform: Windows-10-10.0.19045-SP0
2024-02-12 16:24:50,191:INFO:Memory: svmem(total=8466157568, available=1042276352, percent=87.7, used=7423881216, free=1042276352)
2024-02-12 16:24:50,191:INFO:Physical Core: 2
2024-02-12 16:24:50,191:INFO:Logical Core: 4
2024-02-12 16:24:50,191:INFO:Checking libraries
2024-02-12 16:24:50,191:INFO:System:
2024-02-12 16:24:50,191:INFO:    python: 3.11.4 | packaged by Anaconda, Inc. | (main, Jul  5 2023, 13:38:37) [MSC v.1916 64 bit (AMD64)]
2024-02-12 16:24:50,192:INFO:executable: C:\Users\Manjeet\anaconda3\python.exe
2024-02-12 16:24:50,192:INFO:   machine: Windows-10-10.0.19045-SP0
2024-02-12 16:24:50,192:INFO:PyCaret required dependencies:
2024-02-12 16:24:52,552:INFO:                 pip: 23.2.1
2024-02-12 16:24:52,552:INFO:          setuptools: 68.0.0
2024-02-12 16:24:52,552:INFO:             pycaret: 3.2.0
2024-02-12 16:24:52,552:INFO:             IPython: 8.12.0
2024-02-12 16:24:52,552:INFO:          ipywidgets: 8.0.4
2024-02-12 16:24:52,552:INFO:                tqdm: 4.65.0
2024-02-12 16:24:52,552:INFO:               numpy: 1.24.3
2024-02-12 16:24:52,552:INFO:              pandas: 1.5.3
2024-02-12 16:24:52,552:INFO:              jinja2: 3.1.2
2024-02-12 16:24:52,552:INFO:               scipy: 1.10.1
2024-02-12 16:24:52,552:INFO:              joblib: 1.3.2
2024-02-12 16:24:52,552:INFO:             sklearn: 1.2.2
2024-02-12 16:24:52,552:INFO:                pyod: 1.1.3
2024-02-12 16:24:52,552:INFO:            imblearn: 0.11.0
2024-02-12 16:24:52,552:INFO:   category_encoders: 2.6.3
2024-02-12 16:24:52,552:INFO:            lightgbm: 4.3.0
2024-02-12 16:24:52,552:INFO:               numba: 0.57.0
2024-02-12 16:24:52,552:INFO:            requests: 2.31.0
2024-02-12 16:24:52,552:INFO:          matplotlib: 3.6.0
2024-02-12 16:24:52,552:INFO:          scikitplot: 0.3.7
2024-02-12 16:24:52,552:INFO:         yellowbrick: 1.5
2024-02-12 16:24:52,552:INFO:              plotly: 5.9.0
2024-02-12 16:24:52,552:INFO:    plotly-resampler: Not installed
2024-02-12 16:24:52,552:INFO:             kaleido: 0.2.1
2024-02-12 16:24:52,552:INFO:           schemdraw: 0.15
2024-02-12 16:24:52,552:INFO:         statsmodels: 0.14.0
2024-02-12 16:24:52,552:INFO:              sktime: 0.21.1
2024-02-12 16:24:52,552:INFO:               tbats: 1.1.3
2024-02-12 16:24:52,552:INFO:            pmdarima: 2.0.4
2024-02-12 16:24:52,552:INFO:              psutil: 5.9.0
2024-02-12 16:24:52,552:INFO:          markupsafe: 2.1.1
2024-02-12 16:24:52,552:INFO:             pickle5: Not installed
2024-02-12 16:24:52,552:INFO:         cloudpickle: 2.2.1
2024-02-12 16:24:52,552:INFO:         deprecation: 2.1.0
2024-02-12 16:24:52,552:INFO:              xxhash: 3.4.1
2024-02-12 16:24:52,552:INFO:           wurlitzer: Not installed
2024-02-12 16:24:52,552:INFO:PyCaret optional dependencies:
2024-02-12 16:24:52,825:INFO:                shap: Not installed
2024-02-12 16:24:52,825:INFO:           interpret: Not installed
2024-02-12 16:24:52,825:INFO:                umap: Not installed
2024-02-12 16:24:52,825:INFO:     ydata_profiling: 4.6.3
2024-02-12 16:24:52,825:INFO:  explainerdashboard: Not installed
2024-02-12 16:24:52,825:INFO:             autoviz: Not installed
2024-02-12 16:24:52,825:INFO:           fairlearn: Not installed
2024-02-12 16:24:52,825:INFO:          deepchecks: Not installed
2024-02-12 16:24:52,825:INFO:             xgboost: 2.0.3
2024-02-12 16:24:52,825:INFO:            catboost: Not installed
2024-02-12 16:24:52,825:INFO:              kmodes: Not installed
2024-02-12 16:24:52,825:INFO:             mlxtend: Not installed
2024-02-12 16:24:52,825:INFO:       statsforecast: Not installed
2024-02-12 16:24:52,825:INFO:        tune_sklearn: Not installed
2024-02-12 16:24:52,825:INFO:                 ray: Not installed
2024-02-12 16:24:52,825:INFO:            hyperopt: Not installed
2024-02-12 16:24:52,825:INFO:              optuna: Not installed
2024-02-12 16:24:52,825:INFO:               skopt: Not installed
2024-02-12 16:24:52,825:INFO:              mlflow: Not installed
2024-02-12 16:24:52,825:INFO:              gradio: Not installed
2024-02-12 16:24:52,825:INFO:             fastapi: Not installed
2024-02-12 16:24:52,825:INFO:             uvicorn: Not installed
2024-02-12 16:24:52,825:INFO:              m2cgen: Not installed
2024-02-12 16:24:52,825:INFO:           evidently: Not installed
2024-02-12 16:24:52,825:INFO:               fugue: Not installed
2024-02-12 16:24:52,825:INFO:           streamlit: Not installed
2024-02-12 16:24:52,825:INFO:             prophet: Not installed
2024-02-12 16:24:52,825:INFO:None
2024-02-12 16:24:52,825:INFO:Set up data.
2024-02-12 16:24:52,872:INFO:Set up folding strategy.
2024-02-12 16:24:52,872:INFO:Set up train/test split.
